<?xml version="1.0" encoding="UTF-8"?>
<!-- Generated by org.testng.reporters.JUnitReportReporter -->
<testsuite hostname="LAPTOP-GMS59UUI" failures="0" tests="1" name="loginTest.h" time="0.036" errors="0" timestamp="2021-09-24T17:24:54 IST" skipped="0">
  <testcase classname="loginTest.h" name="f" time="0.036"/>
  <system-out/>
</testsuite> <!-- loginTest.h -->
