<?xml version="1.0" encoding="UTF-8"?>
<!-- Generated by org.testng.reporters.JUnitReportReporter -->
<testsuite hostname="LAPTOP-GMS59UUI" failures="0" tests="1" name="loginTest.udemyLogin" time="8.043" errors="0" timestamp="2021-09-27T11:31:25 IST" skipped="0">
  <testcase classname="loginTest.udemyLogin" name="login" time="8.043"/>
  <system-out/>
</testsuite> <!-- loginTest.udemyLogin -->
