<?xml version="1.0" encoding="UTF-8"?>
<!-- Generated by org.testng.reporters.JUnitReportReporter -->
<testsuite hostname="LAPTOP-GMS59UUI" failures="0" tests="2" name="loginTest.NewTest" time="0.006" errors="0" timestamp="2021-09-27T11:31:25 IST" skipped="0">
  <testcase classname="loginTest.NewTest" name="invalidDataCheck" time="0.004"/>
  <system-out/>
  <testcase classname="loginTest.NewTest" name="validDataCheck" time="0.002"/>
  <system-out/>
</testsuite> <!-- loginTest.NewTest -->
